<?xml version="1.0" encoding="UTF-8"?>
<testsuite xmlns:xsi="http://www.w3.org/2001/XMLSchema-instance" xsi:noNamespaceSchemaLocation="https://maven.apache.org/surefire/maven-surefire-plugin/xsd/surefire-test-report.xsd" name="cn.lijunkui.SpringbootexamplesApplicationTests" time="5.058" tests="1" errors="0" skipped="0" failures="0">
  <properties>
    <property name="sun.desktop" value="windows"/>
    <property name="awt.toolkit" value="sun.awt.windows.WToolkit"/>
    <property name="file.encoding.pkg" value="sun.io"/>
    <property name="java.specification.version" value="1.8"/>
    <property name="sun.cpu.isalist" value="amd64"/>
    <property name="sun.jnu.encoding" value="GBK"/>
    <property name="java.class.path" value="D:\workspace-sts-3.9.5.RELEASE\springbootexamples\lesson5_thymeleaf\target\test-classes;D:\workspace-sts-3.9.5.RELEASE\springbootexamples\lesson5_thymeleaf\target\classes;D:\mavenRep\m2_repo\org\springframework\boot\spring-boot-starter-web\2.1.0.RELEASE\spring-boot-starter-web-2.1.0.RELEASE.jar;D:\mavenRep\m2_repo\org\springframework\boot\spring-boot-starter\2.1.0.RELEASE\spring-boot-starter-2.1.0.RELEASE.jar;D:\mavenRep\m2_repo\org\springframework\boot\spring-boot\2.1.0.RELEASE\spring-boot-2.1.0.RELEASE.jar;D:\mavenRep\m2_repo\org\springframework\boot\spring-boot-autoconfigure\2.1.0.RELEASE\spring-boot-autoconfigure-2.1.0.RELEASE.jar;D:\mavenRep\m2_repo\org\springframework\boot\spring-boot-starter-logging\2.1.0.RELEASE\spring-boot-starter-logging-2.1.0.RELEASE.jar;D:\mavenRep\m2_repo\ch\qos\logback\logback-classic\1.2.3\logback-classic-1.2.3.jar;D:\mavenRep\m2_repo\ch\qos\logback\logback-core\1.2.3\logback-core-1.2.3.jar;D:\mavenRep\m2_repo\org\apache\logging\log4j\log4j-to-slf4j\2.11.1\log4j-to-slf4j-2.11.1.jar;D:\mavenRep\m2_repo\org\apache\logging\log4j\log4j-api\2.11.1\log4j-api-2.11.1.jar;D:\mavenRep\m2_repo\org\slf4j\jul-to-slf4j\1.7.25\jul-to-slf4j-1.7.25.jar;D:\mavenRep\m2_repo\javax\annotation\javax.annotation-api\1.3.2\javax.annotation-api-1.3.2.jar;D:\mavenRep\m2_repo\org\yaml\snakeyaml\1.23\snakeyaml-1.23.jar;D:\mavenRep\m2_repo\org\springframework\boot\spring-boot-starter-json\2.1.0.RELEASE\spring-boot-starter-json-2.1.0.RELEASE.jar;D:\mavenRep\m2_repo\com\fasterxml\jackson\core\jackson-databind\2.9.7\jackson-databind-2.9.7.jar;D:\mavenRep\m2_repo\com\fasterxml\jackson\core\jackson-annotations\2.9.0\jackson-annotations-2.9.0.jar;D:\mavenRep\m2_repo\com\fasterxml\jackson\core\jackson-core\2.9.7\jackson-core-2.9.7.jar;D:\mavenRep\m2_repo\com\fasterxml\jackson\datatype\jackson-datatype-jdk8\2.9.7\jackson-datatype-jdk8-2.9.7.jar;D:\mavenRep\m2_repo\com\fasterxml\jackson\datatype\jackson-datatype-jsr310\2.9.7\jackson-datatype-jsr310-2.9.7.jar;D:\mavenRep\m2_repo\com\fasterxml\jackson\module\jackson-module-parameter-names\2.9.7\jackson-module-parameter-names-2.9.7.jar;D:\mavenRep\m2_repo\org\springframework\boot\spring-boot-starter-tomcat\2.1.0.RELEASE\spring-boot-starter-tomcat-2.1.0.RELEASE.jar;D:\mavenRep\m2_repo\org\apache\tomcat\embed\tomcat-embed-core\9.0.12\tomcat-embed-core-9.0.12.jar;D:\mavenRep\m2_repo\org\apache\tomcat\embed\tomcat-embed-el\9.0.12\tomcat-embed-el-9.0.12.jar;D:\mavenRep\m2_repo\org\apache\tomcat\embed\tomcat-embed-websocket\9.0.12\tomcat-embed-websocket-9.0.12.jar;D:\mavenRep\m2_repo\org\hibernate\validator\hibernate-validator\6.0.13.Final\hibernate-validator-6.0.13.Final.jar;D:\mavenRep\m2_repo\javax\validation\validation-api\2.0.1.Final\validation-api-2.0.1.Final.jar;D:\mavenRep\m2_repo\org\jboss\logging\jboss-logging\3.3.2.Final\jboss-logging-3.3.2.Final.jar;D:\mavenRep\m2_repo\com\fasterxml\classmate\1.4.0\classmate-1.4.0.jar;D:\mavenRep\m2_repo\org\springframework\spring-web\5.1.2.RELEASE\spring-web-5.1.2.RELEASE.jar;D:\mavenRep\m2_repo\org\springframework\spring-beans\5.1.2.RELEASE\spring-beans-5.1.2.RELEASE.jar;D:\mavenRep\m2_repo\org\springframework\spring-webmvc\5.1.2.RELEASE\spring-webmvc-5.1.2.RELEASE.jar;D:\mavenRep\m2_repo\org\springframework\spring-aop\5.1.2.RELEASE\spring-aop-5.1.2.RELEASE.jar;D:\mavenRep\m2_repo\org\springframework\spring-context\5.1.2.RELEASE\spring-context-5.1.2.RELEASE.jar;D:\mavenRep\m2_repo\org\springframework\spring-expression\5.1.2.RELEASE\spring-expression-5.1.2.RELEASE.jar;D:\mavenRep\m2_repo\org\springframework\boot\spring-boot-starter-thymeleaf\2.1.0.RELEASE\spring-boot-starter-thymeleaf-2.1.0.RELEASE.jar;D:\mavenRep\m2_repo\org\thymeleaf\thymeleaf-spring5\3.0.11.RELEASE\thymeleaf-spring5-3.0.11.RELEASE.jar;D:\mavenRep\m2_repo\org\slf4j\slf4j-api\1.7.25\slf4j-api-1.7.25.jar;D:\mavenRep\m2_repo\org\thymeleaf\extras\thymeleaf-extras-java8time\3.0.1.RELEASE\thymeleaf-extras-java8time-3.0.1.RELEASE.jar;D:\mavenRep\m2_repo\nz\net\ultraq\thymeleaf\thymeleaf-layout-dialect\2.3.0\thymeleaf-layout-dialect-2.3.0.jar;D:\mavenRep\m2_repo\nz\net\ultraq\thymeleaf\thymeleaf-expression-processor\1.1.3\thymeleaf-expression-processor-1.1.3.jar;D:\mavenRep\m2_repo\org\codehaus\groovy\groovy\2.5.3\groovy-2.5.3.jar;D:\mavenRep\m2_repo\org\thymeleaf\thymeleaf\3.0.11.RELEASE\thymeleaf-3.0.11.RELEASE.jar;D:\mavenRep\m2_repo\ognl\ognl\3.1.12\ognl-3.1.12.jar;D:\mavenRep\m2_repo\org\javassist\javassist\3.20.0-GA\javassist-3.20.0-GA.jar;D:\mavenRep\m2_repo\org\attoparser\attoparser\2.0.5.RELEASE\attoparser-2.0.5.RELEASE.jar;D:\mavenRep\m2_repo\org\unbescape\unbescape\1.1.6.RELEASE\unbescape-1.1.6.RELEASE.jar;D:\mavenRep\m2_repo\org\springframework\boot\spring-boot-starter-test\2.1.0.RELEASE\spring-boot-starter-test-2.1.0.RELEASE.jar;D:\mavenRep\m2_repo\org\springframework\boot\spring-boot-test\2.1.0.RELEASE\spring-boot-test-2.1.0.RELEASE.jar;D:\mavenRep\m2_repo\org\springframework\boot\spring-boot-test-autoconfigure\2.1.0.RELEASE\spring-boot-test-autoconfigure-2.1.0.RELEASE.jar;D:\mavenRep\m2_repo\com\jayway\jsonpath\json-path\2.4.0\json-path-2.4.0.jar;D:\mavenRep\m2_repo\net\minidev\json-smart\2.3\json-smart-2.3.jar;D:\mavenRep\m2_repo\net\minidev\accessors-smart\1.2\accessors-smart-1.2.jar;D:\mavenRep\m2_repo\org\ow2\asm\asm\5.0.4\asm-5.0.4.jar;D:\mavenRep\m2_repo\junit\junit\4.12\junit-4.12.jar;D:\mavenRep\m2_repo\org\assertj\assertj-core\3.11.1\assertj-core-3.11.1.jar;D:\mavenRep\m2_repo\org\mockito\mockito-core\2.23.0\mockito-core-2.23.0.jar;D:\mavenRep\m2_repo\net\bytebuddy\byte-buddy\1.9.3\byte-buddy-1.9.3.jar;D:\mavenRep\m2_repo\net\bytebuddy\byte-buddy-agent\1.9.3\byte-buddy-agent-1.9.3.jar;D:\mavenRep\m2_repo\org\objenesis\objenesis\2.6\objenesis-2.6.jar;D:\mavenRep\m2_repo\org\hamcrest\hamcrest-core\1.3\hamcrest-core-1.3.jar;D:\mavenRep\m2_repo\org\hamcrest\hamcrest-library\1.3\hamcrest-library-1.3.jar;D:\mavenRep\m2_repo\org\skyscreamer\jsonassert\1.5.0\jsonassert-1.5.0.jar;D:\mavenRep\m2_repo\com\vaadin\external\google\android-json\0.0.20131108.vaadin1\android-json-0.0.20131108.vaadin1.jar;D:\mavenRep\m2_repo\org\springframework\spring-core\5.1.2.RELEASE\spring-core-5.1.2.RELEASE.jar;D:\mavenRep\m2_repo\org\springframework\spring-jcl\5.1.2.RELEASE\spring-jcl-5.1.2.RELEASE.jar;D:\mavenRep\m2_repo\org\springframework\spring-test\5.1.2.RELEASE\spring-test-5.1.2.RELEASE.jar;D:\mavenRep\m2_repo\org\xmlunit\xmlunit-core\2.6.2\xmlunit-core-2.6.2.jar;"/>
    <property name="java.vm.vendor" value="Oracle Corporation"/>
    <property name="sun.arch.data.model" value="64"/>
    <property name="user.variant" value=""/>
    <property name="java.vendor.url" value="http://java.oracle.com/"/>
    <property name="user.timezone" value="Asia/Shanghai"/>
    <property name="java.vm.specification.version" value="1.8"/>
    <property name="os.name" value="Windows 7"/>
    <property name="user.country" value="CN"/>
    <property name="sun.java.launcher" value="SUN_STANDARD"/>
    <property name="sun.boot.library.path" value="D:\Java\jdk1.8\jre\bin"/>
    <property name="sun.java.command" value="C:\Users\jrrry\AppData\Local\Temp\surefire472211192710843412\surefirebooter7192375476261662869.jar C:\Users\jrrry\AppData\Local\Temp\surefire472211192710843412 2019-05-30T15-05-51_106-jvmRun1 surefire9216460249313457463tmp surefire_02804910248040661082tmp"/>
    <property name="surefire.test.class.path" value="D:\workspace-sts-3.9.5.RELEASE\springbootexamples\lesson5_thymeleaf\target\test-classes;D:\workspace-sts-3.9.5.RELEASE\springbootexamples\lesson5_thymeleaf\target\classes;D:\mavenRep\m2_repo\org\springframework\boot\spring-boot-starter-web\2.1.0.RELEASE\spring-boot-starter-web-2.1.0.RELEASE.jar;D:\mavenRep\m2_repo\org\springframework\boot\spring-boot-starter\2.1.0.RELEASE\spring-boot-starter-2.1.0.RELEASE.jar;D:\mavenRep\m2_repo\org\springframework\boot\spring-boot\2.1.0.RELEASE\spring-boot-2.1.0.RELEASE.jar;D:\mavenRep\m2_repo\org\springframework\boot\spring-boot-autoconfigure\2.1.0.RELEASE\spring-boot-autoconfigure-2.1.0.RELEASE.jar;D:\mavenRep\m2_repo\org\springframework\boot\spring-boot-starter-logging\2.1.0.RELEASE\spring-boot-starter-logging-2.1.0.RELEASE.jar;D:\mavenRep\m2_repo\ch\qos\logback\logback-classic\1.2.3\logback-classic-1.2.3.jar;D:\mavenRep\m2_repo\ch\qos\logback\logback-core\1.2.3\logback-core-1.2.3.jar;D:\mavenRep\m2_repo\org\apache\logging\log4j\log4j-to-slf4j\2.11.1\log4j-to-slf4j-2.11.1.jar;D:\mavenRep\m2_repo\org\apache\logging\log4j\log4j-api\2.11.1\log4j-api-2.11.1.jar;D:\mavenRep\m2_repo\org\slf4j\jul-to-slf4j\1.7.25\jul-to-slf4j-1.7.25.jar;D:\mavenRep\m2_repo\javax\annotation\javax.annotation-api\1.3.2\javax.annotation-api-1.3.2.jar;D:\mavenRep\m2_repo\org\yaml\snakeyaml\1.23\snakeyaml-1.23.jar;D:\mavenRep\m2_repo\org\springframework\boot\spring-boot-starter-json\2.1.0.RELEASE\spring-boot-starter-json-2.1.0.RELEASE.jar;D:\mavenRep\m2_repo\com\fasterxml\jackson\core\jackson-databind\2.9.7\jackson-databind-2.9.7.jar;D:\mavenRep\m2_repo\com\fasterxml\jackson\core\jackson-annotations\2.9.0\jackson-annotations-2.9.0.jar;D:\mavenRep\m2_repo\com\fasterxml\jackson\core\jackson-core\2.9.7\jackson-core-2.9.7.jar;D:\mavenRep\m2_repo\com\fasterxml\jackson\datatype\jackson-datatype-jdk8\2.9.7\jackson-datatype-jdk8-2.9.7.jar;D:\mavenRep\m2_repo\com\fasterxml\jackson\datatype\jackson-datatype-jsr310\2.9.7\jackson-datatype-jsr310-2.9.7.jar;D:\mavenRep\m2_repo\com\fasterxml\jackson\module\jackson-module-parameter-names\2.9.7\jackson-module-parameter-names-2.9.7.jar;D:\mavenRep\m2_repo\org\springframework\boot\spring-boot-starter-tomcat\2.1.0.RELEASE\spring-boot-starter-tomcat-2.1.0.RELEASE.jar;D:\mavenRep\m2_repo\org\apache\tomcat\embed\tomcat-embed-core\9.0.12\tomcat-embed-core-9.0.12.jar;D:\mavenRep\m2_repo\org\apache\tomcat\embed\tomcat-embed-el\9.0.12\tomcat-embed-el-9.0.12.jar;D:\mavenRep\m2_repo\org\apache\tomcat\embed\tomcat-embed-websocket\9.0.12\tomcat-embed-websocket-9.0.12.jar;D:\mavenRep\m2_repo\org\hibernate\validator\hibernate-validator\6.0.13.Final\hibernate-validator-6.0.13.Final.jar;D:\mavenRep\m2_repo\javax\validation\validation-api\2.0.1.Final\validation-api-2.0.1.Final.jar;D:\mavenRep\m2_repo\org\jboss\logging\jboss-logging\3.3.2.Final\jboss-logging-3.3.2.Final.jar;D:\mavenRep\m2_repo\com\fasterxml\classmate\1.4.0\classmate-1.4.0.jar;D:\mavenRep\m2_repo\org\springframework\spring-web\5.1.2.RELEASE\spring-web-5.1.2.RELEASE.jar;D:\mavenRep\m2_repo\org\springframework\spring-beans\5.1.2.RELEASE\spring-beans-5.1.2.RELEASE.jar;D:\mavenRep\m2_repo\org\springframework\spring-webmvc\5.1.2.RELEASE\spring-webmvc-5.1.2.RELEASE.jar;D:\mavenRep\m2_repo\org\springframework\spring-aop\5.1.2.RELEASE\spring-aop-5.1.2.RELEASE.jar;D:\mavenRep\m2_repo\org\springframework\spring-context\5.1.2.RELEASE\spring-context-5.1.2.RELEASE.jar;D:\mavenRep\m2_repo\org\springframework\spring-expression\5.1.2.RELEASE\spring-expression-5.1.2.RELEASE.jar;D:\mavenRep\m2_repo\org\springframework\boot\spring-boot-starter-thymeleaf\2.1.0.RELEASE\spring-boot-starter-thymeleaf-2.1.0.RELEASE.jar;D:\mavenRep\m2_repo\org\thymeleaf\thymeleaf-spring5\3.0.11.RELEASE\thymeleaf-spring5-3.0.11.RELEASE.jar;D:\mavenRep\m2_repo\org\slf4j\slf4j-api\1.7.25\slf4j-api-1.7.25.jar;D:\mavenRep\m2_repo\org\thymeleaf\extras\thymeleaf-extras-java8time\3.0.1.RELEASE\thymeleaf-extras-java8time-3.0.1.RELEASE.jar;D:\mavenRep\m2_repo\nz\net\ultraq\thymeleaf\thymeleaf-layout-dialect\2.3.0\thymeleaf-layout-dialect-2.3.0.jar;D:\mavenRep\m2_repo\nz\net\ultraq\thymeleaf\thymeleaf-expression-processor\1.1.3\thymeleaf-expression-processor-1.1.3.jar;D:\mavenRep\m2_repo\org\codehaus\groovy\groovy\2.5.3\groovy-2.5.3.jar;D:\mavenRep\m2_repo\org\thymeleaf\thymeleaf\3.0.11.RELEASE\thymeleaf-3.0.11.RELEASE.jar;D:\mavenRep\m2_repo\ognl\ognl\3.1.12\ognl-3.1.12.jar;D:\mavenRep\m2_repo\org\javassist\javassist\3.20.0-GA\javassist-3.20.0-GA.jar;D:\mavenRep\m2_repo\org\attoparser\attoparser\2.0.5.RELEASE\attoparser-2.0.5.RELEASE.jar;D:\mavenRep\m2_repo\org\unbescape\unbescape\1.1.6.RELEASE\unbescape-1.1.6.RELEASE.jar;D:\mavenRep\m2_repo\org\springframework\boot\spring-boot-starter-test\2.1.0.RELEASE\spring-boot-starter-test-2.1.0.RELEASE.jar;D:\mavenRep\m2_repo\org\springframework\boot\spring-boot-test\2.1.0.RELEASE\spring-boot-test-2.1.0.RELEASE.jar;D:\mavenRep\m2_repo\org\springframework\boot\spring-boot-test-autoconfigure\2.1.0.RELEASE\spring-boot-test-autoconfigure-2.1.0.RELEASE.jar;D:\mavenRep\m2_repo\com\jayway\jsonpath\json-path\2.4.0\json-path-2.4.0.jar;D:\mavenRep\m2_repo\net\minidev\json-smart\2.3\json-smart-2.3.jar;D:\mavenRep\m2_repo\net\minidev\accessors-smart\1.2\accessors-smart-1.2.jar;D:\mavenRep\m2_repo\org\ow2\asm\asm\5.0.4\asm-5.0.4.jar;D:\mavenRep\m2_repo\junit\junit\4.12\junit-4.12.jar;D:\mavenRep\m2_repo\org\assertj\assertj-core\3.11.1\assertj-core-3.11.1.jar;D:\mavenRep\m2_repo\org\mockito\mockito-core\2.23.0\mockito-core-2.23.0.jar;D:\mavenRep\m2_repo\net\bytebuddy\byte-buddy\1.9.3\byte-buddy-1.9.3.jar;D:\mavenRep\m2_repo\net\bytebuddy\byte-buddy-agent\1.9.3\byte-buddy-agent-1.9.3.jar;D:\mavenRep\m2_repo\org\objenesis\objenesis\2.6\objenesis-2.6.jar;D:\mavenRep\m2_repo\org\hamcrest\hamcrest-core\1.3\hamcrest-core-1.3.jar;D:\mavenRep\m2_repo\org\hamcrest\hamcrest-library\1.3\hamcrest-library-1.3.jar;D:\mavenRep\m2_repo\org\skyscreamer\jsonassert\1.5.0\jsonassert-1.5.0.jar;D:\mavenRep\m2_repo\com\vaadin\external\google\android-json\0.0.20131108.vaadin1\android-json-0.0.20131108.vaadin1.jar;D:\mavenRep\m2_repo\org\springframework\spring-core\5.1.2.RELEASE\spring-core-5.1.2.RELEASE.jar;D:\mavenRep\m2_repo\org\springframework\spring-jcl\5.1.2.RELEASE\spring-jcl-5.1.2.RELEASE.jar;D:\mavenRep\m2_repo\org\springframework\spring-test\5.1.2.RELEASE\spring-test-5.1.2.RELEASE.jar;D:\mavenRep\m2_repo\org\xmlunit\xmlunit-core\2.6.2\xmlunit-core-2.6.2.jar;"/>
    <property name="sun.cpu.endian" value="little"/>
    <property name="user.home" value="C:\Users\jrrry"/>
    <property name="user.language" value="zh"/>
    <property name="java.specification.vendor" value="Oracle Corporation"/>
    <property name="java.home" value="D:\Java\jdk1.8\jre"/>
    <property name="basedir" value="D:\workspace-sts-3.9.5.RELEASE\springbootexamples\lesson5_thymeleaf"/>
    <property name="file.separator" value="\"/>
    <property name="line.separator" value="&#10;"/>
    <property name="java.vm.specification.vendor" value="Oracle Corporation"/>
    <property name="java.specification.name" value="Java Platform API Specification"/>
    <property name="java.awt.graphicsenv" value="sun.awt.Win32GraphicsEnvironment"/>
    <property name="surefire.real.class.path" value="C:\Users\jrrry\AppData\Local\Temp\surefire472211192710843412\surefirebooter7192375476261662869.jar"/>
    <property name="sun.boot.class.path" value="D:\Java\jdk1.8\jre\lib\resources.jar;D:\Java\jdk1.8\jre\lib\rt.jar;D:\Java\jdk1.8\jre\lib\sunrsasign.jar;D:\Java\jdk1.8\jre\lib\jsse.jar;D:\Java\jdk1.8\jre\lib\jce.jar;D:\Java\jdk1.8\jre\lib\charsets.jar;D:\Java\jdk1.8\jre\lib\jfr.jar;D:\Java\jdk1.8\jre\classes"/>
    <property name="user.script" value=""/>
    <property name="sun.management.compiler" value="HotSpot 64-Bit Tiered Compilers"/>
    <property name="java.runtime.version" value="1.8.0_144-b01"/>
    <property name="user.name" value="jrrry"/>
    <property name="path.separator" value=";"/>
    <property name="os.version" value="6.1"/>
    <property name="java.endorsed.dirs" value="D:\Java\jdk1.8\jre\lib\endorsed"/>
    <property name="java.runtime.name" value="Java(TM) SE Runtime Environment"/>
    <property name="file.encoding" value="GBK"/>
    <property name="java.vm.name" value="Java HotSpot(TM) 64-Bit Server VM"/>
    <property name="localRepository" value="D:\mavenRep\m2_repo"/>
    <property name="java.vendor.url.bug" value="http://bugreport.sun.com/bugreport/"/>
    <property name="java.io.tmpdir" value="C:\Users\jrrry\AppData\Local\Temp\"/>
    <property name="java.version" value="1.8.0_144"/>
    <property name="user.dir" value="D:\workspace-sts-3.9.5.RELEASE\springbootexamples\lesson5_thymeleaf"/>
    <property name="os.arch" value="amd64"/>
    <property name="java.vm.specification.name" value="Java Virtual Machine Specification"/>
    <property name="java.awt.printerjob" value="sun.awt.windows.WPrinterJob"/>
    <property name="sun.os.patch.level" value="Service Pack 1"/>
    <property name="java.library.path" value="D:\Java\jdk1.8\jre\bin;C:\Windows\Sun\Java\bin;C:\Windows\system32;C:\Windows;C:\Program Files (x86)\Common Files\NetSarang;D:\maven\apache-maven-3.6.0\bin;D:\Python27;D:\instantclient_11_2\network\admin;D:\Java\jdk1.8\bin;C:\Windows\system32;C:\Windows;C:\Windows\System32\Wbem;C:\Windows\System32\WindowsPowerShell\v1.0\;D:\Program Files\MySQL\MySQL Server 5.5\bin;D:\Program Files\TortoiseSVN\bin;D:\Program Files\nodejs8\;D:\mongodb-win32-x86_64-2.4.6\bin;D:\AppData\Local\Programs\Python\Python36;D:\AppData\Local\Programs\Python\Python36\Lib;D:\AppData\Local\Programs\Python\Python36\Scripts;D:\AppData\Local\Programs\Python\Python36\Lib;D:\Program Files\Git\cmd;D:\Program Files\Git\bin;D:\Program Files;C:\Users\jrrry\AppData\Roaming\npm;D:\Program Files\JetBrains\IntelliJ IDEA 2018.3.5\bin;;."/>
    <property name="java.vm.info" value="mixed mode"/>
    <property name="java.vendor" value="Oracle Corporation"/>
    <property name="java.vm.version" value="25.144-b01"/>
    <property name="java.ext.dirs" value="D:\Java\jdk1.8\jre\lib\ext;C:\Windows\Sun\Java\lib\ext"/>
    <property name="sun.io.unicode.encoding" value="UnicodeLittle"/>
    <property name="java.class.version" value="52.0"/>
  </properties>
  <testcase name="contextLoads" classname="cn.lijunkui.SpringbootexamplesApplicationTests" time="1.455"/>
</testsuite>